[2020-07-15 10:23:11,700] [basehttp.py:124] [basehttp:log_message] [INFO]- "GET /index/ HTTP/1.1" 200 10459
[2020-07-15 10:23:12,837] [base.py:93] [base:get_response] [WARNING]- Not Found: /favicon.ico
[2020-07-15 10:23:12,847] [basehttp.py:124] [basehttp:log_message] [WARNING]- "GET /favicon.ico HTTP/1.1" 404 6596
[2020-07-15 11:29:50,089] [basehttp.py:124] [basehttp:log_message] [INFO]- "GET /index/ HTTP/1.1" 200 10459
[2020-07-15 11:33:23,998] [basehttp.py:124] [basehttp:log_message] [INFO]- "GET /platform/add_copyright_partner HTTP/1.1" 200 3444
[2020-07-15 11:33:25,869] [basehttp.py:124] [basehttp:log_message] [INFO]- "GET /index/ HTTP/1.1" 200 10459
[2020-07-15 11:33:28,626] [basehttp.py:124] [basehttp:log_message] [INFO]- "GET /cases_pages/1 HTTP/1.1" 200 16572
[2020-07-15 14:13:02,672] [basehttp.py:124] [basehttp:log_message] [INFO]- "GET /cases_pages/1 HTTP/1.1" 200 16572
[2020-07-15 14:13:07,500] [basehttp.py:124] [basehttp:log_message] [INFO]- "GET /cases_pages/1 HTTP/1.1" 200 16572
[2020-07-15 14:14:26,180] [basehttp.py:124] [basehttp:log_message] [INFO]- "GET /index/ HTTP/1.1" 200 10459
[2020-07-15 14:49:10,172] [basehttp.py:124] [basehttp:log_message] [INFO]- "GET /test_report_list10/ HTTP/1.1" 200 11349
[2020-07-15 14:49:11,734] [basehttp.py:124] [basehttp:log_message] [INFO]- "GET /api/echarts/ HTTP/1.1" 200 740
[2020-07-15 14:51:13,124] [basehttp.py:124] [basehttp:log_message] [INFO]- "GET /test_report_list10/ HTTP/1.1" 200 13274
[2020-07-15 14:51:14,882] [basehttp.py:124] [basehttp:log_message] [INFO]- "GET /api/echarts/ HTTP/1.1" 200 740
[2020-07-15 14:51:16,306] [basehttp.py:124] [basehttp:log_message] [INFO]- "GET /api/echarts/ HTTP/1.1" 200 740
[2020-07-15 14:51:55,481] [basehttp.py:124] [basehttp:log_message] [INFO]- "GET /test_report_list10/ HTTP/1.1" 200 11428
[2020-07-15 14:51:57,245] [basehttp.py:124] [basehttp:log_message] [INFO]- "GET /api/echarts/ HTTP/1.1" 200 740
[2020-07-15 14:53:47,812] [basehttp.py:124] [basehttp:log_message] [INFO]- "GET /test_report_list10/ HTTP/1.1" 200 13364
[2020-07-15 14:53:49,332] [basehttp.py:124] [basehttp:log_message] [INFO]- "GET /api/echarts/ HTTP/1.1" 200 740
[2020-07-15 14:53:50,737] [basehttp.py:124] [basehttp:log_message] [INFO]- "GET /api/echarts/ HTTP/1.1" 200 740
[2020-07-15 14:54:01,634] [basehttp.py:124] [basehttp:log_message] [INFO]- "GET /test_report_list10/ HTTP/1.1" 200 13364
[2020-07-15 14:54:03,156] [basehttp.py:124] [basehttp:log_message] [INFO]- "GET /api/echarts/ HTTP/1.1" 200 740
[2020-07-15 14:54:04,557] [basehttp.py:124] [basehttp:log_message] [INFO]- "GET /api/echarts/ HTTP/1.1" 200 740
[2020-07-15 14:55:26,081] [basehttp.py:124] [basehttp:log_message] [INFO]- "GET /test_report_list10/ HTTP/1.1" 200 11589
[2020-07-15 14:55:29,583] [basehttp.py:124] [basehttp:log_message] [INFO]- "GET /api/echarts/ HTTP/1.1" 200 740
[2020-07-15 14:55:58,607] [basehttp.py:124] [basehttp:log_message] [INFO]- "GET /test_report_list10/ HTTP/1.1" 200 13268
[2020-07-15 14:56:00,409] [basehttp.py:124] [basehttp:log_message] [INFO]- "GET /api/echarts/ HTTP/1.1" 200 740
[2020-07-15 14:56:01,828] [basehttp.py:124] [basehttp:log_message] [INFO]- "GET /api/echarts/ HTTP/1.1" 200 740
[2020-07-15 14:56:41,085] [basehttp.py:124] [basehttp:log_message] [INFO]- "GET /test_report_list10/ HTTP/1.1" 200 13364
[2020-07-15 14:56:42,616] [basehttp.py:124] [basehttp:log_message] [INFO]- "GET /api/echarts/ HTTP/1.1" 200 740
[2020-07-15 14:56:44,030] [basehttp.py:124] [basehttp:log_message] [INFO]- "GET /api/echarts/ HTTP/1.1" 200 740
[2020-07-15 15:07:32,772] [basehttp.py:124] [basehttp:log_message] [INFO]- "GET /index/ HTTP/1.1" 200 10459
[2020-07-15 15:07:37,488] [basehttp.py:124] [basehttp:log_message] [INFO]- "GET /api/pass_stats/ HTTP/1.1" 200 1052
[2020-07-15 15:09:00,280] [basehttp.py:124] [basehttp:log_message] [INFO]- "GET /api/pass_stats/ HTTP/1.1" 200 1029
[2020-07-15 15:10:00,232] [basehttp.py:124] [basehttp:log_message] [INFO]- "GET /api/pass_stats/ HTTP/1.1" 200 1029
[2020-07-15 15:10:12,961] [basehttp.py:124] [basehttp:log_message] [INFO]- "GET /api/pass_stats/ HTTP/1.1" 200 593
[2020-07-15 15:12:32,617] [basehttp.py:124] [basehttp:log_message] [INFO]- "GET /test_report_list10/ HTTP/1.1" 200 12877
[2020-07-15 15:12:34,118] [basehttp.py:124] [basehttp:log_message] [INFO]- "GET /api/pass_stats/ HTTP/1.1" 200 593
[2020-07-15 15:12:34,142] [basehttp.py:124] [basehttp:log_message] [INFO]- "GET /api/echarts/ HTTP/1.1" 200 740
[2020-07-15 15:14:17,124] [basehttp.py:124] [basehttp:log_message] [INFO]- "GET /test_report_list10/ HTTP/1.1" 200 12657
[2020-07-15 15:14:18,659] [basehttp.py:124] [basehttp:log_message] [INFO]- "GET /api/pass_stats/ HTTP/1.1" 200 593
[2020-07-15 15:14:18,684] [basehttp.py:124] [basehttp:log_message] [INFO]- "GET /api/echarts/ HTTP/1.1" 200 740
[2020-07-15 15:14:41,497] [basehttp.py:124] [basehttp:log_message] [INFO]- "GET /test_report_list10/ HTTP/1.1" 200 12657
[2020-07-15 15:14:42,535] [basehttp.py:124] [basehttp:log_message] [INFO]- "GET /static/login/js/echarts.min.js HTTP/1.1" 200 383547
[2020-07-15 15:14:43,582] [base.py:93] [base:get_response] [WARNING]- Not Found: /favicon.ico
[2020-07-15 15:14:43,582] [basehttp.py:124] [basehttp:log_message] [WARNING]- "GET /favicon.ico HTTP/1.1" 404 6733
[2020-07-15 15:14:43,944] [basehttp.py:124] [basehttp:log_message] [INFO]- "GET /api/pass_stats/ HTTP/1.1" 200 593
[2020-07-15 15:14:43,969] [basehttp.py:124] [basehttp:log_message] [INFO]- "GET /api/echarts/ HTTP/1.1" 200 740
[2020-07-15 15:16:13,891] [basehttp.py:124] [basehttp:log_message] [INFO]- "GET /test_report_list10/ HTTP/1.1" 200 10887
[2020-07-15 15:16:15,402] [basehttp.py:124] [basehttp:log_message] [INFO]- "GET /api/pass_stats/ HTTP/1.1" 200 594
[2020-07-15 15:18:12,185] [basehttp.py:124] [basehttp:log_message] [INFO]- "GET /test_report_list10/ HTTP/1.1" 200 10887
[2020-07-15 15:18:13,784] [basehttp.py:124] [basehttp:log_message] [INFO]- "GET /api/pass_stats/ HTTP/1.1" 200 1706
[2020-07-15 15:19:24,503] [basehttp.py:124] [basehttp:log_message] [INFO]- "GET /test_report_list10/ HTTP/1.1" 200 10893
[2020-07-15 15:19:31,980] [basehttp.py:124] [basehttp:log_message] [INFO]- "GET /api/pass_stats/ HTTP/1.1" 200 1706
[2020-07-15 15:20:00,318] [basehttp.py:124] [basehttp:log_message] [INFO]- "GET /test_report_list10/ HTTP/1.1" 200 12663
[2020-07-15 15:20:02,366] [basehttp.py:124] [basehttp:log_message] [INFO]- "GET /api/pass_stats/ HTTP/1.1" 200 1706
[2020-07-15 15:20:02,391] [basehttp.py:124] [basehttp:log_message] [INFO]- "GET /api/echarts/ HTTP/1.1" 200 740
[2020-07-15 15:22:03,447] [basehttp.py:124] [basehttp:log_message] [INFO]- "GET /test_report_list10/ HTTP/1.1" 200 12561
[2020-07-15 15:22:05,154] [basehttp.py:124] [basehttp:log_message] [INFO]- "GET /api/pass_stats/ HTTP/1.1" 200 1706
[2020-07-15 15:22:05,173] [basehttp.py:124] [basehttp:log_message] [INFO]- "GET /api/echarts/ HTTP/1.1" 200 740
[2020-07-15 15:26:51,778] [basehttp.py:124] [basehttp:log_message] [INFO]- "GET /test_report_list10/ HTTP/1.1" 200 12564
[2020-07-15 15:26:53,302] [basehttp.py:124] [basehttp:log_message] [INFO]- "GET /api/pass_stats/ HTTP/1.1" 200 1706
[2020-07-15 15:26:53,550] [basehttp.py:124] [basehttp:log_message] [INFO]- "GET /api/echarts/ HTTP/1.1" 200 740
[2020-07-15 15:31:22,205] [basehttp.py:124] [basehttp:log_message] [INFO]- "GET /test_report_list10/ HTTP/1.1" 200 12568
[2020-07-15 15:31:23,734] [basehttp.py:124] [basehttp:log_message] [INFO]- "GET /api/pass_stats/ HTTP/1.1" 200 1706
[2020-07-15 15:31:23,759] [basehttp.py:124] [basehttp:log_message] [INFO]- "GET /api/echarts/ HTTP/1.1" 200 740
[2020-07-15 15:32:20,140] [basehttp.py:124] [basehttp:log_message] [INFO]- "GET /test_report_list10/ HTTP/1.1" 200 12568
[2020-07-15 15:32:21,642] [basehttp.py:124] [basehttp:log_message] [INFO]- "GET /api/pass_stats/ HTTP/1.1" 200 1886
[2020-07-15 15:32:21,645] [basehttp.py:124] [basehttp:log_message] [INFO]- "GET /api/echarts/ HTTP/1.1" 200 740
[2020-07-15 15:33:05,869] [base.py:93] [base:get_response] [WARNING]- Not Found: //api/pass_stats/
[2020-07-15 15:33:05,871] [basehttp.py:124] [basehttp:log_message] [WARNING]- "GET //api/pass_stats/ HTTP/1.1" 404 6748
[2020-07-15 15:33:12,026] [basehttp.py:124] [basehttp:log_message] [INFO]- "GET /api/pass_stats/ HTTP/1.1" 200 1886
[2020-07-15 15:36:32,289] [basehttp.py:124] [basehttp:log_message] [INFO]- "GET /api/pass_stats/ HTTP/1.1" 200 1722
[2020-07-15 15:36:58,987] [basehttp.py:124] [basehttp:log_message] [INFO]- "GET /test_report_list10/ HTTP/1.1" 200 12568
[2020-07-15 15:37:00,488] [basehttp.py:124] [basehttp:log_message] [INFO]- "GET /api/pass_stats/ HTTP/1.1" 200 1722
[2020-07-15 15:37:00,513] [basehttp.py:124] [basehttp:log_message] [INFO]- "GET /api/echarts/ HTTP/1.1" 200 740
[2020-07-15 15:38:40,801] [basehttp.py:124] [basehttp:log_message] [INFO]- "GET /test_report_list10/ HTTP/1.1" 200 12755
[2020-07-15 15:38:42,274] [basehttp.py:124] [basehttp:log_message] [INFO]- "GET /api/pass_stats/ HTTP/1.1" 200 1722
[2020-07-15 15:38:42,302] [basehttp.py:124] [basehttp:log_message] [INFO]- "GET /api/echarts/ HTTP/1.1" 200 740
[2020-07-15 15:39:04,778] [basehttp.py:124] [basehttp:log_message] [INFO]- "GET /test_report_list10/ HTTP/1.1" 200 12755
[2020-07-15 15:39:06,624] [basehttp.py:124] [basehttp:log_message] [INFO]- "GET /api/pass_stats/ HTTP/1.1" 200 1706
[2020-07-15 15:39:06,650] [basehttp.py:124] [basehttp:log_message] [INFO]- "GET /api/echarts/ HTTP/1.1" 200 740
[2020-07-15 15:40:09,995] [basehttp.py:124] [basehttp:log_message] [INFO]- "GET /test_report_list10/ HTTP/1.1" 200 12855
[2020-07-15 15:40:11,556] [basehttp.py:124] [basehttp:log_message] [INFO]- "GET /api/echarts/ HTTP/1.1" 200 740
[2020-07-15 15:40:11,739] [basehttp.py:124] [basehttp:log_message] [INFO]- "GET /api/pass_stats/ HTTP/1.1" 200 1706
[2020-07-15 15:41:04,322] [basehttp.py:124] [basehttp:log_message] [INFO]- "GET /test_report_list10/ HTTP/1.1" 200 12855
[2020-07-15 15:41:05,818] [basehttp.py:124] [basehttp:log_message] [INFO]- "GET /api/pass_stats/ HTTP/1.1" 200 1706
[2020-07-15 15:41:05,841] [basehttp.py:124] [basehttp:log_message] [INFO]- "GET /api/echarts/ HTTP/1.1" 200 740
[2020-07-15 15:41:36,638] [basehttp.py:124] [basehttp:log_message] [INFO]- "GET /test_report_list10/ HTTP/1.1" 200 12810
[2020-07-15 15:41:38,141] [basehttp.py:124] [basehttp:log_message] [INFO]- "GET /api/pass_stats/ HTTP/1.1" 200 1706
[2020-07-15 15:41:38,166] [basehttp.py:124] [basehttp:log_message] [INFO]- "GET /api/echarts/ HTTP/1.1" 200 740
[2020-07-15 15:43:36,569] [basehttp.py:124] [basehttp:log_message] [INFO]- "GET /test_report_list10/ HTTP/1.1" 200 12794
[2020-07-15 15:43:38,321] [basehttp.py:124] [basehttp:log_message] [INFO]- "GET /api/pass_stats/ HTTP/1.1" 200 1706
[2020-07-15 15:43:38,353] [basehttp.py:124] [basehttp:log_message] [INFO]- "GET /api/echarts/ HTTP/1.1" 200 740
[2020-07-15 15:43:48,279] [basehttp.py:124] [basehttp:log_message] [INFO]- "GET /test_report_list10/ HTTP/1.1" 200 12809
[2020-07-15 15:43:50,546] [basehttp.py:124] [basehttp:log_message] [INFO]- "GET /api/pass_stats/ HTTP/1.1" 200 1706
[2020-07-15 15:43:50,577] [basehttp.py:124] [basehttp:log_message] [INFO]- "GET /api/echarts/ HTTP/1.1" 200 740
[2020-07-15 15:44:26,468] [basehttp.py:124] [basehttp:log_message] [INFO]- "GET /test_report_list10/ HTTP/1.1" 200 12807
[2020-07-15 15:44:27,986] [basehttp.py:124] [basehttp:log_message] [INFO]- "GET /api/pass_stats/ HTTP/1.1" 200 1706
[2020-07-15 15:44:28,017] [basehttp.py:124] [basehttp:log_message] [INFO]- "GET /api/echarts/ HTTP/1.1" 200 740
[2020-07-15 15:45:45,838] [basehttp.py:124] [basehttp:log_message] [INFO]- "GET /test_report_list10/ HTTP/1.1" 200 12809
[2020-07-15 15:45:47,370] [basehttp.py:124] [basehttp:log_message] [INFO]- "GET /api/pass_stats/ HTTP/1.1" 200 1706
[2020-07-15 15:45:47,404] [basehttp.py:124] [basehttp:log_message] [INFO]- "GET /api/echarts/ HTTP/1.1" 200 740
[2020-07-15 15:46:18,723] [basehttp.py:124] [basehttp:log_message] [INFO]- "GET /test_report_list10/ HTTP/1.1" 200 12809
[2020-07-15 15:46:20,692] [basehttp.py:124] [basehttp:log_message] [INFO]- "GET /api/pass_stats/ HTTP/1.1" 200 1706
[2020-07-15 15:46:20,720] [basehttp.py:124] [basehttp:log_message] [INFO]- "GET /api/echarts/ HTTP/1.1" 200 740
[2020-07-15 15:51:26,542] [basehttp.py:124] [basehttp:log_message] [INFO]- "GET /index/ HTTP/1.1" 200 10459
[2020-07-15 15:51:27,600] [basehttp.py:124] [basehttp:log_message] [INFO]- "GET /static/login/js/echarts.min.js HTTP/1.1" 200 383547
[2020-07-15 15:51:48,720] [base.py:93] [base:get_response] [WARNING]- Not Found: /favicon.ico
[2020-07-15 15:51:48,721] [basehttp.py:124] [basehttp:log_message] [WARNING]- "GET /favicon.ico HTTP/1.1" 404 6733
[2020-07-15 15:51:57,604] [basehttp.py:124] [basehttp:log_message] [INFO]- "GET /test_report_list10/ HTTP/1.1" 200 12809
[2020-07-15 15:52:00,337] [basehttp.py:124] [basehttp:log_message] [INFO]- "GET /api/pass_stats/ HTTP/1.1" 200 1706
[2020-07-15 15:52:00,362] [basehttp.py:124] [basehttp:log_message] [INFO]- "GET /api/echarts/ HTTP/1.1" 200 740
