[2020-07-14 10:22:51,672] [basehttp.py:124] [basehttp:log_message] [INFO]- "GET /index/ HTTP/1.1" 200 10451
[2020-07-14 10:29:43,756] [basehttp.py:124] [basehttp:log_message] [INFO]- "GET /index/ HTTP/1.1" 200 10451
[2020-07-14 10:33:13,965] [basehttp.py:124] [basehttp:log_message] [INFO]- "GET /get_config/ HTTP/1.1" 200 6506
[2020-07-14 10:33:18,055] [basehttp.py:124] [basehttp:log_message] [INFO]- "POST /get_config/ HTTP/1.1" 200 6505
[2020-07-14 10:33:18,368] [views.py:143] [views:change_hosts] [INFO]- 请求成功！ 操作人:lazy
[2020-07-14 10:33:18,370] [basehttp.py:124] [basehttp:log_message] [INFO]- "POST /api/modify_config/ HTTP/1.1" 200 2978
[2020-07-14 10:33:20,480] [basehttp.py:124] [basehttp:log_message] [INFO]- "GET /index/ HTTP/1.1" 200 10451
[2020-07-14 10:33:40,840] [basehttp.py:124] [basehttp:log_message] [INFO]- "GET /get_config/ HTTP/1.1" 200 6505
[2020-07-14 10:33:44,253] [basehttp.py:124] [basehttp:log_message] [INFO]- "GET /index/ HTTP/1.1" 200 10451
[2020-07-14 10:33:46,285] [basehttp.py:124] [basehttp:log_message] [INFO]- "GET /get_config/ HTTP/1.1" 200 6505
[2020-07-14 10:48:52,600] [basehttp.py:124] [basehttp:log_message] [INFO]- "GET /index/ HTTP/1.1" 200 10451
[2020-07-14 10:48:55,415] [basehttp.py:124] [basehttp:log_message] [INFO]- "GET /test_report_list10/ HTTP/1.1" 200 11348
[2020-07-14 10:48:57,140] [basehttp.py:124] [basehttp:log_message] [INFO]- "GET /api/echarts/ HTTP/1.1" 200 740
[2020-07-14 10:49:36,105] [basehttp.py:124] [basehttp:log_message] [INFO]- "GET /test_report_list10/ HTTP/1.1" 200 11348
[2020-07-14 10:49:37,626] [basehttp.py:124] [basehttp:log_message] [INFO]- "GET /api/echarts/ HTTP/1.1" 200 420
[2020-07-14 10:50:46,200] [basehttp.py:124] [basehttp:log_message] [INFO]- "GET /test_report_list10/ HTTP/1.1" 200 11348
[2020-07-14 10:50:47,978] [basehttp.py:124] [basehttp:log_message] [INFO]- "GET /api/echarts/ HTTP/1.1" 200 420
[2020-07-14 10:51:21,201] [basehttp.py:124] [basehttp:log_message] [INFO]- "GET /test_report_list10/ HTTP/1.1" 200 11348
[2020-07-14 10:51:22,967] [basehttp.py:124] [basehttp:log_message] [INFO]- "GET /api/echarts/ HTTP/1.1" 200 740
[2020-07-14 10:55:30,085] [basehttp.py:124] [basehttp:log_message] [INFO]- "GET /test_report_list10/ HTTP/1.1" 200 11348
[2020-07-14 10:55:31,609] [basehttp.py:124] [basehttp:log_message] [INFO]- "GET /api/echarts/ HTTP/1.1" 200 740
[2020-07-14 11:11:53,280] [basehttp.py:124] [basehttp:log_message] [INFO]- "GET /test_report_list10/ HTTP/1.1" 200 11872
[2020-07-14 11:11:54,833] [basehttp.py:124] [basehttp:log_message] [INFO]- "GET /api/echarts/30?optionValue=30 HTTP/1.1" 200 420
[2020-07-14 11:12:09,471] [basehttp.py:124] [basehttp:log_message] [INFO]- "GET /test_report_list10/ HTTP/1.1" 200 11872
[2020-07-14 11:12:11,038] [basehttp.py:124] [basehttp:log_message] [INFO]- "GET /api/echarts/30?optionValue=30 HTTP/1.1" 200 420
[2020-07-14 11:12:32,810] [basehttp.py:124] [basehttp:log_message] [INFO]- "GET /test_report_list10/ HTTP/1.1" 200 11851
[2020-07-14 11:12:34,314] [basehttp.py:124] [basehttp:log_message] [INFO]- "GET /api/echarts/30?optionValue=30 HTTP/1.1" 200 420
[2020-07-14 11:12:54,229] [basehttp.py:124] [basehttp:log_message] [INFO]- "GET /test_report_list10/ HTTP/1.1" 200 11838
[2020-07-14 11:12:55,751] [basehttp.py:124] [basehttp:log_message] [INFO]- "GET /api/echarts/30?optionValue=30 HTTP/1.1" 200 420
[2020-07-14 11:14:12,883] [basehttp.py:124] [basehttp:log_message] [INFO]- "GET /test_report_list10/ HTTP/1.1" 200 11838
[2020-07-14 11:14:14,408] [basehttp.py:124] [basehttp:log_message] [INFO]- "GET /api/echarts/30?optionValue=30 HTTP/1.1" 200 420
[2020-07-14 11:14:46,096] [basehttp.py:124] [basehttp:log_message] [INFO]- "GET /test_report_list10/ HTTP/1.1" 200 11838
[2020-07-14 11:14:47,655] [basehttp.py:124] [basehttp:log_message] [INFO]- "GET /api/echarts/30?optionValue=30 HTTP/1.1" 200 420
[2020-07-14 11:26:04,099] [basehttp.py:124] [basehttp:log_message] [INFO]- "GET /test_report_list10/ HTTP/1.1" 200 12278
[2020-07-14 11:26:06,408] [basehttp.py:124] [basehttp:log_message] [INFO]- "GET /api/echarts/30?optionValue=30 HTTP/1.1" 200 420
[2020-07-14 11:26:17,369] [basehttp.py:124] [basehttp:log_message] [INFO]- "GET /test_report_list10/ HTTP/1.1" 200 12278
[2020-07-14 11:26:18,902] [basehttp.py:124] [basehttp:log_message] [INFO]- "GET /api/echarts/30?optionValue=30 HTTP/1.1" 200 420
[2020-07-14 11:26:22,706] [basehttp.py:124] [basehttp:log_message] [INFO]- "GET /test_report_list10/ HTTP/1.1" 200 12278
[2020-07-14 11:26:24,214] [basehttp.py:124] [basehttp:log_message] [INFO]- "GET /api/echarts/30?optionValue=30 HTTP/1.1" 200 420
[2020-07-14 11:26:28,051] [basehttp.py:124] [basehttp:log_message] [INFO]- "GET /test_report_list10/ HTTP/1.1" 200 12278
[2020-07-14 11:26:29,574] [basehttp.py:124] [basehttp:log_message] [INFO]- "GET /api/echarts/30?optionValue=30 HTTP/1.1" 200 420
[2020-07-14 11:26:33,699] [basehttp.py:124] [basehttp:log_message] [INFO]- "GET /test_report_list10/ HTTP/1.1" 200 12278
[2020-07-14 11:26:35,196] [basehttp.py:124] [basehttp:log_message] [INFO]- "GET /api/echarts/30?optionValue=30 HTTP/1.1" 200 420
[2020-07-14 11:30:22,042] [basehttp.py:124] [basehttp:log_message] [INFO]- "GET /test_report_list10/ HTTP/1.1" 200 12339
[2020-07-14 11:30:23,594] [basehttp.py:124] [basehttp:log_message] [INFO]- "GET /api/echarts/30?optionValue=30 HTTP/1.1" 200 420
[2020-07-14 11:30:28,865] [basehttp.py:124] [basehttp:log_message] [INFO]- "GET /test_report_list10/ HTTP/1.1" 200 12339
[2020-07-14 11:30:30,370] [basehttp.py:124] [basehttp:log_message] [INFO]- "GET /api/echarts/30?optionValue=30 HTTP/1.1" 200 420
[2020-07-14 11:31:09,794] [basehttp.py:124] [basehttp:log_message] [INFO]- "GET /test_report_list10/ HTTP/1.1" 200 12278
[2020-07-14 11:31:11,311] [basehttp.py:124] [basehttp:log_message] [INFO]- "GET /api/echarts/30?optionValue=30 HTTP/1.1" 200 420
[2020-07-14 11:45:41,559] [basehttp.py:124] [basehttp:log_message] [INFO]- "GET /test_report_list10/ HTTP/1.1" 200 12278
[2020-07-14 11:45:43,132] [basehttp.py:124] [basehttp:log_message] [INFO]- "GET /api/echarts/30?optionValue=30 HTTP/1.1" 200 420
[2020-07-14 11:56:22,541] [basehttp.py:124] [basehttp:log_message] [INFO]- "GET /test_report_list10/ HTTP/1.1" 200 12337
[2020-07-14 11:56:28,851] [basehttp.py:124] [basehttp:log_message] [INFO]- "GET /test_report_list10/ HTTP/1.1" 200 12337
[2020-07-14 11:56:33,765] [basehttp.py:124] [basehttp:log_message] [INFO]- "GET /test_report_list10/ HTTP/1.1" 200 12337
[2020-07-14 14:17:10,737] [basehttp.py:124] [basehttp:log_message] [INFO]- "GET /test_report_list10/ HTTP/1.1" 200 11347
[2020-07-14 14:17:11,912] [exception.py:118] [exception:handle_uncaught_exception] [ERROR]- Internal Server Error: /api/echarts/
Traceback (most recent call last):
  File "D:\Programs\Python\Python37\Lib\site-packages\django\core\handlers\exception.py", line 35, in inner
    response = get_response(request)
  File "D:\Programs\Python\Python37\Lib\site-packages\django\core\handlers\base.py", line 128, in _get_response
    response = self.process_exception_by_middleware(e, request)
  File "D:\Programs\Python\Python37\Lib\site-packages\django\core\handlers\base.py", line 126, in _get_response
    response = wrapped_callback(request, *callback_args, **callback_kwargs)
TypeError: echarts_data() missing 1 required positional argument: 'date_choice'
[2020-07-14 14:17:12,274] [basehttp.py:124] [basehttp:log_message] [ERROR]- "GET /api/echarts/ HTTP/1.1" 500 18737
[2020-07-14 14:17:46,411] [basehttp.py:124] [basehttp:log_message] [INFO]- "GET /test_report_list10/ HTTP/1.1" 200 11347
[2020-07-14 14:17:47,980] [basehttp.py:124] [basehttp:log_message] [INFO]- "GET /api/echarts/ HTTP/1.1" 200 740
[2020-07-14 14:18:10,603] [basehttp.py:124] [basehttp:log_message] [INFO]- "GET /test_report_list10/ HTTP/1.1" 200 11347
[2020-07-14 14:18:12,164] [basehttp.py:124] [basehttp:log_message] [INFO]- "GET /api/echarts/ HTTP/1.1" 200 740
[2020-07-14 14:19:24,527] [basehttp.py:124] [basehttp:log_message] [INFO]- "GET /echarts/ HTTP/1.1" 200 1781
[2020-07-14 14:19:25,620] [base.py:93] [base:get_response] [WARNING]- Not Found: /api/echarts
[2020-07-14 14:19:25,620] [basehttp.py:124] [basehttp:log_message] [WARNING]- "GET /api/echarts HTTP/1.1" 404 6354
[2020-07-14 14:19:46,148] [basehttp.py:124] [basehttp:log_message] [INFO]- "GET /echarts/ HTTP/1.1" 200 1782
[2020-07-14 14:19:47,651] [basehttp.py:124] [basehttp:log_message] [INFO]- "GET /api/echarts/ HTTP/1.1" 200 740
[2020-07-14 14:20:16,905] [base.py:93] [base:get_response] [WARNING]- Not Found: /echarts-url/
[2020-07-14 14:20:16,906] [basehttp.py:124] [basehttp:log_message] [WARNING]- "GET /echarts-url/ HTTP/1.1" 404 6357
[2020-07-14 14:20:20,197] [base.py:93] [base:get_response] [WARNING]- Not Found: /echarts-url
[2020-07-14 14:20:20,198] [basehttp.py:124] [basehttp:log_message] [WARNING]- "GET /echarts-url HTTP/1.1" 404 6354
[2020-07-14 14:20:43,880] [base.py:93] [base:get_response] [WARNING]- Not Found: /echarts-url
[2020-07-14 14:20:43,881] [basehttp.py:124] [basehttp:log_message] [WARNING]- "GET /echarts-url HTTP/1.1" 404 6354
[2020-07-14 14:20:52,380] [basehttp.py:124] [basehttp:log_message] [INFO]- "GET /echarts/ HTTP/1.1" 200 1782
[2020-07-14 14:20:53,874] [basehttp.py:124] [basehttp:log_message] [INFO]- "GET /api/echarts/ HTTP/1.1" 200 740
[2020-07-14 14:42:07,996] [basehttp.py:124] [basehttp:log_message] [INFO]- "GET /index/ HTTP/1.1" 200 10451
[2020-07-14 14:42:10,153] [basehttp.py:124] [basehttp:log_message] [INFO]- "GET /platform/add_copyright_partner HTTP/1.1" 200 3426
[2020-07-14 14:46:27,149] [basehttp.py:124] [basehttp:log_message] [INFO]- "GET /index/ HTTP/1.1" 200 10451
[2020-07-14 14:46:32,386] [basehttp.py:124] [basehttp:log_message] [INFO]- "GET /platform/add_anchor_partner HTTP/1.1" 200 3114
[2020-07-14 14:46:34,706] [basehttp.py:124] [basehttp:log_message] [INFO]- "GET /platform/add_anchor_partner HTTP/1.1" 200 3114
[2020-07-14 14:51:02,405] [basehttp.py:124] [basehttp:log_message] [INFO]- "GET /index/ HTTP/1.1" 200 10451
[2020-07-14 14:51:07,886] [basehttp.py:124] [basehttp:log_message] [INFO]- "GET /send_code/ HTTP/1.1" 200 4204
[2020-07-14 14:52:26,912] [basehttp.py:124] [basehttp:log_message] [INFO]- "GET /platform/add_anchor_partner HTTP/1.1" 200 3114
[2020-07-14 14:52:33,729] [exception.py:118] [exception:handle_uncaught_exception] [ERROR]- Internal Server Error: /platform/add_anchor_partner
Traceback (most recent call last):
  File "D:\Programs\Python\Python37\Lib\site-packages\django\core\handlers\exception.py", line 35, in inner
    response = get_response(request)
  File "D:\Programs\Python\Python37\Lib\site-packages\django\core\handlers\base.py", line 128, in _get_response
    response = self.process_exception_by_middleware(e, request)
  File "D:\Programs\Python\Python37\Lib\site-packages\django\core\handlers\base.py", line 126, in _get_response
    response = wrapped_callback(request, *callback_args, **callback_kwargs)
  File "D:\PycharmProjects\MyPro1\login\viewas\platform_views\anchor_views.py", line 23, in add_anchor_partner
    result = add_AnchorPartner(int(anchor_type), int(partnerType))
TypeError: int() argument must be a string, a bytes-like object or a number, not 'list'
[2020-07-14 14:52:34,178] [basehttp.py:124] [basehttp:log_message] [ERROR]- "POST /platform/add_anchor_partner HTTP/1.1" 500 75839
[2020-07-14 14:56:10,141] [basehttp.py:124] [basehttp:log_message] [INFO]- "GET /index/ HTTP/1.1" 200 10457
[2020-07-14 14:56:14,736] [basehttp.py:124] [basehttp:log_message] [INFO]- "GET /platform/add_anchor_partner HTTP/1.1" 200 3114
[2020-07-14 14:56:23,288] [basehttp.py:124] [basehttp:log_message] [INFO]- "POST /platform/add_anchor_partner HTTP/1.1" 200 3355
[2020-07-14 14:57:00,976] [basehttp.py:124] [basehttp:log_message] [INFO]- "POST /platform/add_anchor_partner HTTP/1.1" 200 3306
[2020-07-14 15:00:48,320] [basehttp.py:124] [basehttp:log_message] [INFO]- "GET /index/ HTTP/1.1" 200 10457
[2020-07-14 15:00:51,229] [basehttp.py:124] [basehttp:log_message] [INFO]- "GET /platform/add_channel_partner HTTP/1.1" 200 3549
[2020-07-14 15:03:16,850] [basehttp.py:124] [basehttp:log_message] [INFO]- "GET /index/ HTTP/1.1" 200 10457
[2020-07-14 15:03:18,960] [basehttp.py:124] [basehttp:log_message] [INFO]- "GET /platform/add_copyright_partner HTTP/1.1" 200 3291
[2020-07-14 15:03:47,564] [basehttp.py:124] [basehttp:log_message] [INFO]- "POST /platform/add_copyright_partner HTTP/1.1" 200 3511
[2020-07-14 15:04:23,771] [basehttp.py:124] [basehttp:log_message] [INFO]- "POST /platform/add_copyright_partner HTTP/1.1" 200 3450
[2020-07-14 15:05:50,911] [basehttp.py:124] [basehttp:log_message] [INFO]- "GET /index/ HTTP/1.1" 200 10457
[2020-07-14 15:05:54,613] [basehttp.py:124] [basehttp:log_message] [INFO]- "GET /platform/add_copyright_partner HTTP/1.1" 200 3444
[2020-07-14 15:06:08,617] [basehttp.py:124] [basehttp:log_message] [INFO]- "POST /platform/add_copyright_partner HTTP/1.1" 200 3603
[2020-07-14 15:08:29,872] [basehttp.py:124] [basehttp:log_message] [INFO]- "GET /index/ HTTP/1.1" 200 10457
[2020-07-14 15:08:45,841] [basehttp.py:124] [basehttp:log_message] [INFO]- "GET /platform/add_channel_partner HTTP/1.1" 200 3549
[2020-07-14 15:09:58,497] [basehttp.py:124] [basehttp:log_message] [INFO]- "GET /index/ HTTP/1.1" 200 10457
[2020-07-14 15:10:08,973] [basehttp.py:124] [basehttp:log_message] [INFO]- "GET /index/ HTTP/1.1" 200 10457
[2020-07-14 15:10:33,264] [basehttp.py:124] [basehttp:log_message] [INFO]- "GET /platform/add_copyright_partner HTTP/1.1" 200 3444
[2020-07-14 15:10:36,372] [basehttp.py:124] [basehttp:log_message] [INFO]- "GET /index/ HTTP/1.1" 200 10457
[2020-07-14 15:18:34,621] [basehttp.py:124] [basehttp:log_message] [INFO]- "GET /lazy_reg/ HTTP/1.1" 200 538
[2020-07-14 15:18:37,282] [basehttp.py:124] [basehttp:log_message] [INFO]- "GET /index/ HTTP/1.1" 200 10457
[2020-07-14 15:24:12,004] [basehttp.py:124] [basehttp:log_message] [INFO]- "GET /platform/add_copyright_partner HTTP/1.1" 200 3444
[2020-07-14 15:35:11,010] [basehttp.py:124] [basehttp:log_message] [INFO]- "GET /index/ HTTP/1.1" 200 10457
[2020-07-14 15:43:39,252] [basehttp.py:124] [basehttp:log_message] [INFO]- "GET /index/ HTTP/1.1" 200 10457
[2020-07-14 16:03:47,835] [base.py:93] [base:get_response] [WARNING]- Not Found: /data_ajax/
[2020-07-14 16:03:47,836] [basehttp.py:124] [basehttp:log_message] [WARNING]- "GET /data_ajax/ HTTP/1.1" 404 6483
[2020-07-14 16:03:55,912] [base.py:93] [base:get_response] [WARNING]- Not Found: /test_ajax/
[2020-07-14 16:03:55,913] [basehttp.py:124] [basehttp:log_message] [WARNING]- "GET /test_ajax/ HTTP/1.1" 404 6483
[2020-07-14 16:04:15,548] [basehttp.py:124] [basehttp:log_message] [INFO]- "GET /api/test_ajax/ HTTP/1.1" 200 499
[2020-07-14 16:15:57,069] [basehttp.py:124] [basehttp:log_message] [INFO]- "GET /test_data/ HTTP/1.1" 200 1382
[2020-07-14 16:15:58,102] [base.py:93] [base:get_response] [WARNING]- Not Found: /resources/js/jquery.js
[2020-07-14 16:15:58,104] [basehttp.py:124] [basehttp:log_message] [WARNING]- "GET /resources/js/jquery.js HTTP/1.1" 404 6629
[2020-07-14 16:16:46,519] [basehttp.py:124] [basehttp:log_message] [INFO]- "GET /test_data/ HTTP/1.1" 200 1409
[2020-07-14 16:16:53,092] [base.py:93] [base:get_response] [WARNING]- Not Found: /test_data/api/test_ajax/
[2020-07-14 16:16:53,093] [basehttp.py:124] [basehttp:log_message] [WARNING]- "GET /test_data/api/test_ajax/?opt_values=1 HTTP/1.1" 404 6648
[2020-07-14 16:17:15,367] [basehttp.py:124] [basehttp:log_message] [INFO]- "GET /test_data/ HTTP/1.1" 200 1409
[2020-07-14 16:17:31,946] [base.py:93] [base:get_response] [WARNING]- Not Found: /test_data/api/test_ajax/
[2020-07-14 16:17:31,948] [basehttp.py:124] [basehttp:log_message] [WARNING]- "GET /test_data/api/test_ajax/?opt_values=1 HTTP/1.1" 404 6648
[2020-07-14 16:17:37,215] [basehttp.py:124] [basehttp:log_message] [INFO]- "GET /test_data/ HTTP/1.1" 200 1410
[2020-07-14 16:17:42,339] [exception.py:118] [exception:handle_uncaught_exception] [ERROR]- Internal Server Error: /api/test_ajax/
Traceback (most recent call last):
  File "D:\Programs\Python\Python37\Lib\site-packages\django\core\handlers\exception.py", line 35, in inner
    response = get_response(request)
  File "D:\Programs\Python\Python37\Lib\site-packages\django\core\handlers\base.py", line 128, in _get_response
    response = self.process_exception_by_middleware(e, request)
  File "D:\Programs\Python\Python37\Lib\site-packages\django\core\handlers\base.py", line 126, in _get_response
    response = wrapped_callback(request, *callback_args, **callback_kwargs)
  File "D:\PycharmProjects\MyPro1\login\views.py", line 290, in data_ajax
    show_time = datetime.datetime.now().date() - datetime.timedelta(days=date1)
TypeError: unsupported type for timedelta days component: str
[2020-07-14 16:17:42,771] [basehttp.py:124] [basehttp:log_message] [ERROR]- "GET /api/test_ajax/?opt_values=1 HTTP/1.1" 500 18881
[2020-07-14 16:18:13,636] [basehttp.py:124] [basehttp:log_message] [INFO]- "GET /api/test_ajax/?opt_values=1 HTTP/1.1" 200 37
[2020-07-14 16:18:24,937] [basehttp.py:124] [basehttp:log_message] [INFO]- "GET /api/test_ajax/?opt_values=2 HTTP/1.1" 200 51
[2020-07-14 16:19:47,952] [basehttp.py:124] [basehttp:log_message] [INFO]- "GET /test_data/ HTTP/1.1" 200 1415
[2020-07-14 16:19:54,242] [basehttp.py:124] [basehttp:log_message] [INFO]- "GET /api/test_ajax/?opt_values=1 HTTP/1.1" 200 42
[2020-07-14 16:20:00,578] [basehttp.py:124] [basehttp:log_message] [INFO]- "GET /api/test_ajax/?opt_values=2 HTTP/1.1" 200 56
[2020-07-14 16:20:04,847] [basehttp.py:124] [basehttp:log_message] [INFO]- "GET /api/test_ajax/?opt_values=3 HTTP/1.1" 200 70
[2020-07-14 16:22:10,847] [basehttp.py:124] [basehttp:log_message] [INFO]- "GET /api/test_ajax/?opt_values=2 HTTP/1.1" 200 56
[2020-07-14 16:22:14,019] [basehttp.py:124] [basehttp:log_message] [INFO]- "GET /api/test_ajax/?opt_values=1 HTTP/1.1" 200 42
[2020-07-14 16:24:46,049] [basehttp.py:124] [basehttp:log_message] [INFO]- "GET /test_data/ HTTP/1.1" 200 1439
[2020-07-14 16:24:49,616] [basehttp.py:124] [basehttp:log_message] [INFO]- "GET /api/test_ajax/?opt_values=2 HTTP/1.1" 200 56
[2020-07-14 16:24:51,947] [basehttp.py:124] [basehttp:log_message] [INFO]- "GET /api/test_ajax/?opt_values=2 HTTP/1.1" 200 56
[2020-07-14 16:25:03,051] [basehttp.py:124] [basehttp:log_message] [INFO]- "GET /test_data/ HTTP/1.1" 200 1437
[2020-07-14 16:29:13,989] [basehttp.py:124] [basehttp:log_message] [INFO]- "GET /test_data/ HTTP/1.1" 200 1437
[2020-07-14 16:29:17,826] [basehttp.py:124] [basehttp:log_message] [INFO]- "GET /api/test_ajax/?opt_values=1 HTTP/1.1" 200 42
[2020-07-14 16:40:17,717] [basehttp.py:124] [basehttp:log_message] [INFO]- "GET /test_data/ HTTP/1.1" 200 1500
[2020-07-14 16:40:21,272] [basehttp.py:124] [basehttp:log_message] [INFO]- "GET /api/test_ajax/?opt_values=3 HTTP/1.1" 200 70
[2020-07-14 16:40:34,648] [basehttp.py:124] [basehttp:log_message] [INFO]- "GET /api/test_ajax/?opt_values=1 HTTP/1.1" 200 42
[2020-07-14 16:40:42,396] [basehttp.py:124] [basehttp:log_message] [INFO]- "GET /test_data/ HTTP/1.1" 200 1500
[2020-07-14 16:40:45,476] [basehttp.py:124] [basehttp:log_message] [INFO]- "GET /api/test_ajax/?opt_values=2 HTTP/1.1" 200 56
[2020-07-14 16:41:06,248] [basehttp.py:124] [basehttp:log_message] [INFO]- "GET /test_data/ HTTP/1.1" 200 1437
[2020-07-14 16:41:11,808] [basehttp.py:124] [basehttp:log_message] [INFO]- "GET /api/test_ajax/?opt_values=1 HTTP/1.1" 200 42
[2020-07-14 16:44:06,279] [basehttp.py:124] [basehttp:log_message] [INFO]- "GET /test_data/ HTTP/1.1" 200 1874
[2020-07-14 16:44:10,272] [basehttp.py:124] [basehttp:log_message] [INFO]- "GET /api/test_ajax/?opt_values=1 HTTP/1.1" 200 42
[2020-07-14 16:45:37,389] [basehttp.py:124] [basehttp:log_message] [INFO]- "GET /test_data/ HTTP/1.1" 200 1853
[2020-07-14 16:45:40,579] [basehttp.py:124] [basehttp:log_message] [INFO]- "GET /api/test_ajax/?opt_values=2 HTTP/1.1" 200 56
[2020-07-14 16:46:34,900] [basehttp.py:124] [basehttp:log_message] [INFO]- "GET /test_data/ HTTP/1.1" 200 1848
[2020-07-14 16:46:38,016] [basehttp.py:124] [basehttp:log_message] [INFO]- "GET /api/test_ajax/?opt_values=2 HTTP/1.1" 200 56
[2020-07-14 16:54:46,525] [basehttp.py:124] [basehttp:log_message] [INFO]- "GET /index/ HTTP/1.1" 200 10457
[2020-07-14 16:58:28,566] [basehttp.py:124] [basehttp:log_message] [INFO]- "GET /api_test/ HTTP/1.1" 200 3039
[2020-07-14 16:58:29,592] [basehttp.py:124] [basehttp:log_message] [INFO]- "GET /static/login/css/api_test.css HTTP/1.1" 200 608
[2020-07-14 16:58:37,549] [basehttp.py:124] [basehttp:log_message] [INFO]- "GET /index/ HTTP/1.1" 200 10457
[2020-07-14 17:35:49,048] [basehttp.py:124] [basehttp:log_message] [INFO]- "GET /index/ HTTP/1.1" 200 10457
[2020-07-14 17:54:41,699] [basehttp.py:124] [basehttp:log_message] [INFO]- "GET /login/ HTTP/1.1" 302 0
[2020-07-14 17:54:43,053] [basehttp.py:124] [basehttp:log_message] [INFO]- "GET /index/ HTTP/1.1" 200 10457
[2020-07-14 17:54:48,615] [basehttp.py:124] [basehttp:log_message] [INFO]- "GET /logout/ HTTP/1.1" 302 0
[2020-07-14 17:54:49,631] [basehttp.py:124] [basehttp:log_message] [INFO]- "GET /login/ HTTP/1.1" 200 2216
[2020-07-14 17:54:50,667] [basehttp.py:124] [basehttp:log_message] [INFO]- "GET /static/login/css/login.css HTTP/1.1" 200 1121
[2020-07-14 17:54:51,694] [basehttp.py:124] [basehttp:log_message] [INFO]- "GET /static/login/img/photos/timg3.jpg HTTP/1.1" 200 13234
[2020-07-14 17:55:55,510] [basehttp.py:124] [basehttp:log_message] [INFO]- "GET /login/ HTTP/1.1" 200 2216
[2020-07-14 17:56:05,813] [basehttp.py:124] [basehttp:log_message] [INFO]- "POST /login/ HTTP/1.1" 302 0
[2020-07-14 17:56:07,261] [basehttp.py:124] [basehttp:log_message] [INFO]- "GET /index/ HTTP/1.1" 200 10457
[2020-07-14 17:56:12,979] [basehttp.py:124] [basehttp:log_message] [INFO]- "GET /login/ HTTP/1.1" 302 0
[2020-07-14 17:58:09,497] [basehttp.py:124] [basehttp:log_message] [INFO]- "GET /index/ HTTP/1.1" 200 10457
[2020-07-14 17:58:29,567] [basehttp.py:124] [basehttp:log_message] [INFO]- "GET /login/ HTTP/1.1" 302 0
[2020-07-14 17:58:30,921] [basehttp.py:124] [basehttp:log_message] [INFO]- "GET /index/ HTTP/1.1" 200 10457
[2020-07-14 17:58:33,730] [basehttp.py:124] [basehttp:log_message] [INFO]- "GET /logout/ HTTP/1.1" 302 0
[2020-07-14 17:58:34,744] [basehttp.py:124] [basehttp:log_message] [INFO]- "GET /login/ HTTP/1.1" 200 2216
[2020-07-14 17:58:42,541] [basehttp.py:124] [basehttp:log_message] [INFO]- "GET /index/ HTTP/1.1" 200 10457
[2020-07-14 17:58:45,723] [basehttp.py:124] [basehttp:log_message] [INFO]- "GET /login/ HTTP/1.1" 200 2216
[2020-07-14 17:58:51,897] [basehttp.py:124] [basehttp:log_message] [INFO]- "POST /login/ HTTP/1.1" 302 0
[2020-07-14 17:58:53,275] [basehttp.py:124] [basehttp:log_message] [INFO]- "GET /index/ HTTP/1.1" 200 10457
[2020-07-14 17:59:33,480] [basehttp.py:124] [basehttp:log_message] [INFO]- "GET /test_report_list10/ HTTP/1.1" 200 11349
[2020-07-14 17:59:35,455] [basehttp.py:124] [basehttp:log_message] [INFO]- "GET /api/echarts/ HTTP/1.1" 200 740
[2020-07-14 18:10:49,849] [basehttp.py:124] [basehttp:log_message] [INFO]- "GET /index/ HTTP/1.1" 200 10457
[2020-07-14 18:11:10,426] [basehttp.py:124] [basehttp:log_message] [INFO]- "GET /index/ HTTP/1.1" 200 10459
[2020-07-14 18:11:30,889] [basehttp.py:124] [basehttp:log_message] [INFO]- "GET /index/ HTTP/1.1" 200 10461
[2020-07-14 18:11:48,455] [basehttp.py:124] [basehttp:log_message] [INFO]- "GET /index/ HTTP/1.1" 200 10461
[2020-07-14 18:12:01,194] [basehttp.py:124] [basehttp:log_message] [INFO]- "GET /index/ HTTP/1.1" 200 10465
[2020-07-14 18:12:17,139] [basehttp.py:124] [basehttp:log_message] [INFO]- "GET /index/ HTTP/1.1" 200 10459
[2020-07-14 18:12:57,269] [basehttp.py:124] [basehttp:log_message] [INFO]- "GET /index/ HTTP/1.1" 200 10459
