[2020-06-16 11:54:49,234] [basehttp.py:124] [basehttp:log_message] [INFO]- "GET /index/ HTTP/1.1" 200 10121
[2020-06-16 11:54:50,274] [basehttp.py:124] [basehttp:log_message] [INFO]- "GET /static/login/js/echarts.min.js HTTP/1.1" 304 0
[2020-06-16 11:54:51,398] [base.py:93] [base:get_response] [WARNING]- Not Found: /favicon.ico
[2020-06-16 11:54:51,399] [basehttp.py:124] [basehttp:log_message] [WARNING]- "GET /favicon.ico HTTP/1.1" 404 6234
[2020-06-16 11:54:54,481] [basehttp.py:124] [basehttp:log_message] [INFO]- "GET /test_report_list10/ HTTP/1.1" 200 9854
[2020-06-16 11:54:55,806] [basehttp.py:124] [basehttp:log_message] [INFO]- "GET /api/echarts/ HTTP/1.1" 200 381
[2020-06-16 11:55:08,006] [basehttp.py:124] [basehttp:log_message] [INFO]- "GET /test_report_list10/ HTTP/1.1" 200 9854
[2020-06-16 11:55:09,303] [basehttp.py:124] [basehttp:log_message] [INFO]- "GET /api/echarts/ HTTP/1.1" 200 381
[2020-06-16 11:56:38,821] [basehttp.py:124] [basehttp:log_message] [INFO]- "GET /test_report_list10/ HTTP/1.1" 200 9859
[2020-06-16 11:56:40,118] [basehttp.py:124] [basehttp:log_message] [INFO]- "GET /api/echarts/ HTTP/1.1" 200 381
[2020-06-16 11:56:45,090] [basehttp.py:124] [basehttp:log_message] [INFO]- "GET /test_report_list10/ HTTP/1.1" 200 9859
[2020-06-16 11:56:46,380] [basehttp.py:124] [basehttp:log_message] [INFO]- "GET /api/echarts/ HTTP/1.1" 200 381
[2020-06-16 11:56:52,635] [basehttp.py:124] [basehttp:log_message] [INFO]- "GET /test_report_list10/ HTTP/1.1" 200 9854
[2020-06-16 11:56:53,928] [basehttp.py:124] [basehttp:log_message] [INFO]- "GET /api/echarts/ HTTP/1.1" 200 381
[2020-06-16 11:59:23,214] [basehttp.py:124] [basehttp:log_message] [INFO]- "GET /test_report_list10/ HTTP/1.1" 200 10098
[2020-06-16 11:59:24,526] [basehttp.py:124] [basehttp:log_message] [INFO]- "GET /api/echarts/ HTTP/1.1" 200 381
[2020-06-16 12:00:08,838] [basehttp.py:124] [basehttp:log_message] [INFO]- "GET /test_report_list10/ HTTP/1.1" 200 10337
[2020-06-16 12:00:10,130] [basehttp.py:124] [basehttp:log_message] [INFO]- "GET /api/echarts/ HTTP/1.1" 200 381
[2020-06-16 14:07:51,207] [basehttp.py:124] [basehttp:log_message] [INFO]- "GET /test_report_list10/ HTTP/1.1" 200 10337
[2020-06-16 14:07:54,541] [basehttp.py:124] [basehttp:log_message] [INFO]- "GET /api/echarts/ HTTP/1.1" 200 381
[2020-06-16 14:22:52,201] [basehttp.py:124] [basehttp:log_message] [INFO]- "GET /test_report_list10/ HTTP/1.1" 200 10337
[2020-06-16 14:22:53,529] [basehttp.py:124] [basehttp:log_message] [INFO]- "GET /api/echarts/ HTTP/1.1" 200 381
[2020-06-16 14:24:00,749] [basehttp.py:124] [basehttp:log_message] [INFO]- "GET /test_report_list10/ HTTP/1.1" 200 10337
[2020-06-16 14:24:02,513] [basehttp.py:124] [basehttp:log_message] [INFO]- "GET /api/echarts/ HTTP/1.1" 200 381
[2020-06-16 14:24:38,184] [basehttp.py:124] [basehttp:log_message] [INFO]- "GET /test_report_list10/ HTTP/1.1" 200 10340
[2020-06-16 14:24:39,939] [basehttp.py:124] [basehttp:log_message] [INFO]- "GET /api/echarts/ HTTP/1.1" 200 381
[2020-06-16 14:25:10,814] [basehttp.py:124] [basehttp:log_message] [INFO]- "GET /test_report_list10/ HTTP/1.1" 200 10355
[2020-06-16 14:25:12,350] [basehttp.py:124] [basehttp:log_message] [INFO]- "GET /api/echarts/ HTTP/1.1" 200 381
[2020-06-16 14:25:42,744] [basehttp.py:124] [basehttp:log_message] [INFO]- "GET /test_report_list10/ HTTP/1.1" 200 10340
[2020-06-16 14:25:44,104] [basehttp.py:124] [basehttp:log_message] [INFO]- "GET /api/echarts/ HTTP/1.1" 200 381
[2020-06-16 14:25:47,732] [basehttp.py:124] [basehttp:log_message] [INFO]- "GET /index/ HTTP/1.1" 200 10121
[2020-06-16 14:31:44,350] [basehttp.py:124] [basehttp:log_message] [INFO]- "GET /test_report_list10/ HTTP/1.1" 200 10340
[2020-06-16 14:31:45,691] [basehttp.py:124] [basehttp:log_message] [INFO]- "GET /api/echarts/ HTTP/1.1" 200 381
[2020-06-16 14:31:51,218] [basehttp.py:124] [basehttp:log_message] [INFO]- "GET /run_test/ HTTP/1.1" 200 2888
[2020-06-16 14:31:52,249] [basehttp.py:124] [basehttp:log_message] [INFO]- "GET /static/login/css/run_test.css HTTP/1.1" 304 0
[2020-06-16 14:32:01,787] [basehttp.py:124] [basehttp:log_message] [INFO]- "GET /test_report_list10/ HTTP/1.1" 200 10340
[2020-06-16 14:32:03,109] [basehttp.py:124] [basehttp:log_message] [INFO]- "GET /api/echarts/ HTTP/1.1" 200 381
[2020-06-16 14:32:07,437] [basehttp.py:124] [basehttp:log_message] [INFO]- "GET /index/ HTTP/1.1" 200 10121
[2020-06-16 14:32:10,798] [basehttp.py:124] [basehttp:log_message] [INFO]- "GET /send_email/ HTTP/1.1" 200 2437
[2020-06-16 14:32:11,834] [basehttp.py:124] [basehttp:log_message] [INFO]- "GET /static/login/css/send_email.css HTTP/1.1" 200 610
[2020-06-16 14:32:14,234] [basehttp.py:124] [basehttp:log_message] [INFO]- "GET /index/ HTTP/1.1" 200 10121
[2020-06-16 14:32:16,341] [basehttp.py:124] [basehttp:log_message] [INFO]- "GET /mail_config_manual/ HTTP/1.1" 200 2089
[2020-06-16 14:32:23,370] [basehttp.py:124] [basehttp:log_message] [INFO]- "GET /cases_pages/1 HTTP/1.1" 200 16571
[2020-06-16 14:32:29,309] [basehttp.py:124] [basehttp:log_message] [INFO]- "GET /cases_pages/1 HTTP/1.1" 200 16571
[2020-06-16 14:36:25,077] [base.py:93] [base:get_response] [WARNING]- Not Found: /cases_pages/
[2020-06-16 14:36:25,078] [basehttp.py:124] [basehttp:log_message] [WARNING]- "GET /cases_pages/ HTTP/1.1" 404 6237
[2020-06-16 14:40:04,328] [basehttp.py:124] [basehttp:log_message] [INFO]- "GET /api_test/ HTTP/1.1" 200 2922
[2020-06-16 14:40:05,359] [basehttp.py:124] [basehttp:log_message] [INFO]- "GET /static/login/css/api_test.css HTTP/1.1" 200 608
[2020-06-16 14:45:17,188] [basehttp.py:124] [basehttp:log_message] [INFO]- "POST /api_test/ HTTP/1.1" 200 88730
[2020-06-16 14:47:46,451] [basehttp.py:124] [basehttp:log_message] [INFO]- "GET /api_test/ HTTP/1.1" 200 2922
[2020-06-16 14:47:57,539] [basehttp.py:124] [basehttp:log_message] [INFO]- "POST /api_test/ HTTP/1.1" 200 90587
[2020-06-16 14:48:22,012] [basehttp.py:124] [basehttp:log_message] [INFO]- "GET /api_test/ HTTP/1.1" 200 2922
[2020-06-16 15:30:15,428] [basehttp.py:124] [basehttp:log_message] [INFO]- "POST /api_test/ HTTP/1.1" 200 90587
[2020-06-16 15:37:42,366] [basehttp.py:124] [basehttp:log_message] [INFO]- "GET /api_test/ HTTP/1.1" 200 2922
[2020-06-16 15:37:50,532] [basehttp.py:124] [basehttp:log_message] [INFO]- "GET /index/ HTTP/1.1" 200 10121
[2020-06-16 15:37:58,545] [basehttp.py:124] [basehttp:log_message] [INFO]- "GET /test_report_list10/ HTTP/1.1" 200 10343
[2020-06-16 15:37:59,967] [basehttp.py:124] [basehttp:log_message] [INFO]- "GET /api/echarts/ HTTP/1.1" 200 381
[2020-06-16 15:44:10,155] [basehttp.py:124] [basehttp:log_message] [INFO]- "GET /api_test/ HTTP/1.1" 200 2981
[2020-06-16 15:44:33,078] [basehttp.py:124] [basehttp:log_message] [INFO]- "POST /api_test/ HTTP/1.1" 200 4168
[2020-06-16 15:44:36,389] [basehttp.py:124] [basehttp:log_message] [INFO]- "GET /api_test/ HTTP/1.1" 200 2981
[2020-06-16 15:44:52,318] [basehttp.py:124] [basehttp:log_message] [INFO]- "POST /api_test/ HTTP/1.1" 200 4090
[2020-06-16 16:05:40,795] [basehttp.py:124] [basehttp:log_message] [INFO]- "GET /api_test/ HTTP/1.1" 200 2981
[2020-06-16 16:05:47,279] [basehttp.py:124] [basehttp:log_message] [INFO]- "POST /api_test/ HTTP/1.1" 200 6854
[2020-06-16 16:14:57,341] [basehttp.py:124] [basehttp:log_message] [INFO]- "GET /api_test/ HTTP/1.1" 200 2981
[2020-06-16 16:15:00,975] [basehttp.py:124] [basehttp:log_message] [INFO]- "GET /index/ HTTP/1.1" 200 10121
[2020-06-16 16:15:10,552] [basehttp.py:124] [basehttp:log_message] [INFO]- "GET /api_test/ HTTP/1.1" 200 2981
[2020-06-16 16:23:16,972] [basehttp.py:124] [basehttp:log_message] [INFO]- "GET /api_test/ HTTP/1.1" 200 3040
[2020-06-16 16:23:41,654] [basehttp.py:124] [basehttp:log_message] [INFO]- "POST /api_test/ HTTP/1.1" 200 104056
[2020-06-16 16:24:01,488] [basehttp.py:124] [basehttp:log_message] [INFO]- "GET /api_test/ HTTP/1.1" 200 3040
[2020-06-16 16:24:13,379] [basehttp.py:124] [basehttp:log_message] [INFO]- "GET /index/ HTTP/1.1" 200 10121
[2020-06-16 16:24:58,549] [basehttp.py:124] [basehttp:log_message] [INFO]- "GET /index/ HTTP/1.1" 200 10121
[2020-06-16 16:25:06,707] [basehttp.py:124] [basehttp:log_message] [INFO]- "GET /api_test/ HTTP/1.1" 200 3040
[2020-06-16 16:25:21,444] [basehttp.py:124] [basehttp:log_message] [INFO]- "GET /index/ HTTP/1.1" 200 10121
[2020-06-16 16:29:38,434] [basehttp.py:124] [basehttp:log_message] [INFO]- "GET /index/ HTTP/1.1" 200 10121
[2020-06-16 17:49:33,577] [basehttp.py:124] [basehttp:log_message] [INFO]- "GET /index/ HTTP/1.1" 200 10121
[2020-06-16 17:49:34,627] [basehttp.py:124] [basehttp:log_message] [INFO]- "GET /static/login/js/echarts.min.js HTTP/1.1" 200 383547
[2020-06-16 17:49:36,775] [base.py:93] [base:get_response] [WARNING]- Not Found: /favicon.ico
[2020-06-16 17:49:36,778] [basehttp.py:124] [basehttp:log_message] [WARNING]- "GET /favicon.ico HTTP/1.1" 404 6234
[2020-06-16 17:56:22,589] [basehttp.py:124] [basehttp:log_message] [INFO]- "GET /index/ HTTP/1.1" 200 10121
[2020-06-17 10:43:21,344] [basehttp.py:124] [basehttp:log_message] [INFO]- "GET /index/ HTTP/1.1" 200 10121
[2020-06-17 10:43:21,458] [base.py:93] [base:get_response] [WARNING]- Not Found: /favicon.ico
[2020-06-17 10:43:21,460] [basehttp.py:124] [basehttp:log_message] [WARNING]- "GET /favicon.ico HTTP/1.1" 404 6234
[2020-06-17 10:43:32,753] [basehttp.py:124] [basehttp:log_message] [INFO]- "GET /cases_pages/1 HTTP/1.1" 200 16571
[2020-06-17 11:01:28,245] [basehttp.py:124] [basehttp:log_message] [INFO]- "GET /test_report_list10/ HTTP/1.1" 200 10343
[2020-06-17 11:01:28,608] [basehttp.py:124] [basehttp:log_message] [INFO]- "GET /api/echarts/ HTTP/1.1" 200 381
