[2020-07-24 11:35:06,722] [base.py:93] [base:get_response] [WARNING]- Not Found: /index/
[2020-07-24 11:35:06,723] [basehttp.py:124] [basehttp:log_message] [WARNING]- "GET /index/ HTTP/1.1" 404 80
[2020-07-24 11:35:07,781] [base.py:93] [base:get_response] [WARNING]- Not Found: /favicon.ico
[2020-07-24 11:35:07,782] [basehttp.py:124] [basehttp:log_message] [WARNING]- "GET /favicon.ico HTTP/1.1" 404 85
[2020-07-24 11:35:12,364] [basehttp.py:124] [basehttp:log_message] [INFO]- "GET / HTTP/1.1" 200 10879
[2020-07-24 11:35:13,386] [basehttp.py:124] [basehttp:log_message] [INFO]- "GET /static/login/js/echarts.min.js HTTP/1.1" 304 0
[2020-07-24 11:35:32,883] [basehttp.py:124] [basehttp:log_message] [INFO]- "GET /test_report_list10/ HTTP/1.1" 200 12333
[2020-07-24 11:35:34,540] [basehttp.py:124] [basehttp:log_message] [INFO]- "GET /api/pass_stats/ HTTP/1.1" 200 5080
[2020-07-24 11:35:34,724] [basehttp.py:124] [basehttp:log_message] [INFO]- "GET /api/echarts/ HTTP/1.1" 200 922
[2020-07-24 11:35:50,841] [basehttp.py:124] [basehttp:log_message] [INFO]- "GET /get_config/ HTTP/1.1" 200 6526
[2020-07-24 11:35:55,496] [basehttp.py:124] [basehttp:log_message] [INFO]- "POST /get_config/ HTTP/1.1" 200 2999
[2020-07-24 11:35:55,844] [views.py:143] [views:change_hosts] [INFO]- 请求成功！ 操作人:lazy
[2020-07-24 11:35:55,845] [basehttp.py:124] [basehttp:log_message] [INFO]- "POST /api/modify_config/ HTTP/1.1" 200 2999
[2020-07-24 11:35:58,587] [basehttp.py:124] [basehttp:log_message] [INFO]- "GET / HTTP/1.1" 200 10879
[2020-07-24 11:36:01,222] [basehttp.py:124] [basehttp:log_message] [INFO]- "GET /get_config/ HTTP/1.1" 200 6527
[2020-07-24 11:38:22,152] [basehttp.py:124] [basehttp:log_message] [INFO]- "GET / HTTP/1.1" 200 10879
[2020-07-24 11:58:27,780] [base.py:93] [base:get_response] [WARNING]- Not Found: /index/
[2020-07-24 11:58:27,780] [basehttp.py:124] [basehttp:log_message] [WARNING]- "GET /index/ HTTP/1.1" 404 80
[2020-07-24 11:58:33,555] [basehttp.py:124] [basehttp:log_message] [INFO]- "GET / HTTP/1.1" 200 10879
[2020-07-24 11:58:37,101] [basehttp.py:124] [basehttp:log_message] [INFO]- "GET /get_config/ HTTP/1.1" 200 6527
[2020-07-24 11:58:41,820] [basehttp.py:124] [basehttp:log_message] [INFO]- "GET /api_test/ HTTP/1.1" 200 3033
[2020-07-24 11:58:42,847] [basehttp.py:124] [basehttp:log_message] [INFO]- "GET /static/login/css/api_test.css HTTP/1.1" 200 608
[2020-07-24 11:58:53,006] [basehttp.py:124] [basehttp:log_message] [INFO]- "POST /api_test/ HTTP/1.1" 200 1641
[2020-07-24 11:59:32,505] [basehttp.py:124] [basehttp:log_message] [INFO]- "GET /api_test/ HTTP/1.1" 200 3033
[2020-07-24 11:59:37,039] [basehttp.py:124] [basehttp:log_message] [INFO]- "POST /api_test/ HTTP/1.1" 200 1641
[2020-07-24 12:00:47,435] [basehttp.py:124] [basehttp:log_message] [INFO]- "GET /api_test/ HTTP/1.1" 200 3033
