[2020-07-28 18:46:18,852] [autoreload.py:598] [autoreload:run_with_reloader] [INFO]- Watching for file changes with StatReloader
[2020-07-28 18:46:45,709] [autoreload.py:222] [autoreload:trigger_reload] [INFO]- E:\Auto\testplat\login\viewas\platform_views\anchor_views.py changed, reloading.
[2020-07-28 18:46:46,623] [autoreload.py:598] [autoreload:run_with_reloader] [INFO]- Watching for file changes with StatReloader
[2020-07-28 18:47:01,553] [basehttp.py:157] [basehttp:log_message] [INFO]- "GET / HTTP/1.1" 200 10879
[2020-07-28 18:47:01,588] [basehttp.py:157] [basehttp:log_message] [INFO]- "GET /static/login/js/echarts.min.js HTTP/1.1" 304 0
[2020-07-28 18:47:03,358] [basehttp.py:157] [basehttp:log_message] [INFO]- "GET /platform/add_anchor_partner HTTP/1.1" 200 3100
[2020-07-28 18:47:03,375] [basehttp.py:157] [basehttp:log_message] [INFO]- "GET /static/login/css/send_vip.css HTTP/1.1" 304 0
[2020-07-28 18:47:13,204] [basehttp.py:157] [basehttp:log_message] [INFO]- "GET / HTTP/1.1" 200 10879
[2020-07-28 18:47:14,592] [basehttp.py:157] [basehttp:log_message] [INFO]- "GET /platform/add_anchor_partner HTTP/1.1" 200 3100
[2020-07-28 18:47:48,597] [autoreload.py:222] [autoreload:trigger_reload] [INFO]- E:\Auto\testplat\login\viewas\platform_views\anchor_views.py changed, reloading.
[2020-07-28 18:47:49,524] [autoreload.py:598] [autoreload:run_with_reloader] [INFO]- Watching for file changes with StatReloader
[2020-07-28 18:47:53,159] [basehttp.py:157] [basehttp:log_message] [INFO]- "GET /platform/add_anchor_partner HTTP/1.1" 200 3100
[2020-07-28 18:48:03,911] [basehttp.py:157] [basehttp:log_message] [INFO]- "GET / HTTP/1.1" 200 10879
[2020-07-28 18:48:11,670] [autoreload.py:222] [autoreload:trigger_reload] [INFO]- E:\Auto\testplat\login\viewas\platform_views\anchor_views.py changed, reloading.
[2020-07-28 18:48:12,592] [autoreload.py:598] [autoreload:run_with_reloader] [INFO]- Watching for file changes with StatReloader
[2020-07-28 18:48:36,796] [autoreload.py:222] [autoreload:trigger_reload] [INFO]- E:\Auto\testplat\login\viewas\platform_views\anchor_views.py changed, reloading.
[2020-07-28 18:48:37,759] [autoreload.py:598] [autoreload:run_with_reloader] [INFO]- Watching for file changes with StatReloader
[2020-07-28 18:48:45,829] [basehttp.py:157] [basehttp:log_message] [INFO]- "GET /platform/add_anchor_partner HTTP/1.1" 200 3100
[2020-07-28 18:49:08,260] [basehttp.py:157] [basehttp:log_message] [INFO]- "GET / HTTP/1.1" 200 10879
[2020-07-28 18:49:09,472] [basehttp.py:157] [basehttp:log_message] [INFO]- "GET /platform/add_anchor_partner HTTP/1.1" 200 3100
[2020-07-28 18:49:31,005] [basehttp.py:157] [basehttp:log_message] [INFO]- "POST /platform/add_anchor_partner HTTP/1.1" 200 3292
[2020-07-28 18:50:50,631] [autoreload.py:222] [autoreload:trigger_reload] [INFO]- E:\Auto\testplat\login\viewas\platform_views\anchor_views.py changed, reloading.
[2020-07-28 18:50:51,530] [autoreload.py:598] [autoreload:run_with_reloader] [INFO]- Watching for file changes with StatReloader
[2020-07-28 18:51:22,578] [autoreload.py:222] [autoreload:trigger_reload] [INFO]- E:\Auto\testplat\login\viewas\platform_views\anchor_views.py changed, reloading.
[2020-07-28 18:51:23,500] [autoreload.py:598] [autoreload:run_with_reloader] [INFO]- Watching for file changes with StatReloader
[2020-07-28 18:51:30,183] [autoreload.py:222] [autoreload:trigger_reload] [INFO]- E:\Auto\testplat\login\viewas\platform_views\anchor_views.py changed, reloading.
[2020-07-28 18:51:31,077] [autoreload.py:598] [autoreload:run_with_reloader] [INFO]- Watching for file changes with StatReloader
[2020-07-28 18:51:34,223] [autoreload.py:222] [autoreload:trigger_reload] [INFO]- E:\Auto\testplat\login\viewas\platform_views\anchor_views.py changed, reloading.
[2020-07-28 18:51:35,212] [autoreload.py:598] [autoreload:run_with_reloader] [INFO]- Watching for file changes with StatReloader
[2020-07-28 18:51:42,071] [basehttp.py:157] [basehttp:log_message] [INFO]- "POST /platform/add_anchor_partner HTTP/1.1" 200 3118
[2020-07-28 18:52:16,178] [basehttp.py:157] [basehttp:log_message] [INFO]- "POST /platform/add_anchor_partner HTTP/1.1" 200 3292
[2020-07-28 18:52:53,200] [autoreload.py:222] [autoreload:trigger_reload] [INFO]- E:\Auto\testplat\login\viewas\platform_views\anchor_views.py changed, reloading.
[2020-07-28 18:52:54,124] [autoreload.py:598] [autoreload:run_with_reloader] [INFO]- Watching for file changes with StatReloader
[2020-07-28 18:53:01,777] [basehttp.py:157] [basehttp:log_message] [INFO]- "GET / HTTP/1.1" 200 10879
[2020-07-28 18:53:03,044] [basehttp.py:157] [basehttp:log_message] [INFO]- "GET /platform/add_anchor_partner HTTP/1.1" 200 3100
[2020-07-28 18:53:23,064] [basehttp.py:157] [basehttp:log_message] [INFO]- "POST /platform/add_anchor_partner HTTP/1.1" 200 3292
[2020-07-28 18:53:35,213] [autoreload.py:222] [autoreload:trigger_reload] [INFO]- E:\Auto\testplat\login\viewas\platform_views\anchor_views.py changed, reloading.
[2020-07-28 18:53:36,171] [autoreload.py:598] [autoreload:run_with_reloader] [INFO]- Watching for file changes with StatReloader
[2020-07-28 19:04:54,779] [basehttp.py:157] [basehttp:log_message] [INFO]- "POST /platform/add_anchor_partner HTTP/1.1" 200 3292
[2020-07-28 19:04:58,948] [basehttp.py:157] [basehttp:log_message] [INFO]- "GET / HTTP/1.1" 200 10879
[2020-07-28 19:05:00,040] [basehttp.py:157] [basehttp:log_message] [INFO]- "GET /platform/add_anchor_partner HTTP/1.1" 200 3100
[2020-07-28 19:05:08,369] [basehttp.py:157] [basehttp:log_message] [INFO]- "GET /platform/add_anchor_partner HTTP/1.1" 200 3100
[2020-07-28 19:05:10,266] [basehttp.py:157] [basehttp:log_message] [INFO]- "GET /platform/add_anchor_partner HTTP/1.1" 200 3100
[2020-07-28 19:12:17,191] [basehttp.py:157] [basehttp:log_message] [INFO]- "GET / HTTP/1.1" 200 10879
[2020-07-28 19:12:19,953] [basehttp.py:157] [basehttp:log_message] [INFO]- "GET /platform/add_anchor_partner HTTP/1.1" 200 3100
[2020-07-28 19:12:34,425] [basehttp.py:157] [basehttp:log_message] [INFO]- "GET / HTTP/1.1" 200 10879
[2020-07-28 19:12:35,997] [basehttp.py:157] [basehttp:log_message] [INFO]- "GET /platform/add_anchor_partner HTTP/1.1" 200 3100
[2020-07-28 19:15:01,995] [basehttp.py:157] [basehttp:log_message] [INFO]- "GET /platform/add_anchor_partner HTTP/1.1" 200 3100
[2020-07-28 19:15:09,925] [basehttp.py:157] [basehttp:log_message] [INFO]- "GET /platform/add_anchor_partner HTTP/1.1" 200 3100
[2020-07-28 19:15:11,731] [basehttp.py:157] [basehttp:log_message] [INFO]- "GET /platform/add_anchor_partner HTTP/1.1" 200 3100
[2020-07-28 19:15:31,740] [autoreload.py:598] [autoreload:run_with_reloader] [INFO]- Watching for file changes with StatReloader
[2020-07-28 19:15:34,118] [basehttp.py:157] [basehttp:log_message] [INFO]- "GET /platform/add_anchor_partner HTTP/1.1" 200 2815
[2020-07-28 19:15:46,160] [basehttp.py:157] [basehttp:log_message] [INFO]- "GET /platform/add_anchor_partner HTTP/1.1" 200 2815
[2020-07-28 19:15:53,609] [autoreload.py:598] [autoreload:run_with_reloader] [INFO]- Watching for file changes with StatReloader
[2020-07-28 19:16:02,518] [basehttp.py:157] [basehttp:log_message] [INFO]- "GET /platform/add_anchor_partner HTTP/1.1" 200 3100
[2020-07-29 18:09:37,884] [autoreload.py:222] [autoreload:trigger_reload] [INFO]- E:\Auto\testplat\MyPro1\settings.py changed, reloading.
