[2020-07-27 17:29:18,734] [autoreload.py:598] [autoreload:run_with_reloader] [INFO]- Watching for file changes with StatReloader
[2020-07-27 17:30:17,038] [autoreload.py:598] [autoreload:run_with_reloader] [INFO]- Watching for file changes with StatReloader
[2020-07-27 17:34:37,348] [autoreload.py:598] [autoreload:run_with_reloader] [INFO]- Watching for file changes with StatReloader
[2020-07-27 17:38:41,532] [autoreload.py:598] [autoreload:run_with_reloader] [INFO]- Watching for file changes with StatReloader
[2020-07-27 17:45:05,705] [autoreload.py:222] [autoreload:trigger_reload] [INFO]- E:\Auto\testplat\login\templates\utils\confutils.py changed, reloading.
[2020-07-27 17:45:06,514] [autoreload.py:598] [autoreload:run_with_reloader] [INFO]- Watching for file changes with StatReloader
[2020-07-27 17:45:29,824] [autoreload.py:222] [autoreload:trigger_reload] [INFO]- E:\Auto\testplat\login\templates\utils\confutils.py changed, reloading.
[2020-07-27 17:45:30,683] [autoreload.py:598] [autoreload:run_with_reloader] [INFO]- Watching for file changes with StatReloader
[2020-07-27 17:46:03,233] [autoreload.py:222] [autoreload:trigger_reload] [INFO]- E:\Auto\testplat\login\templates\utils\confutils.py changed, reloading.
[2020-07-27 17:46:04,033] [autoreload.py:598] [autoreload:run_with_reloader] [INFO]- Watching for file changes with StatReloader
[2020-07-27 17:46:22,857] [autoreload.py:598] [autoreload:run_with_reloader] [INFO]- Watching for file changes with StatReloader
[2020-07-27 17:46:43,860] [autoreload.py:598] [autoreload:run_with_reloader] [INFO]- Watching for file changes with StatReloader
[2020-07-27 17:48:04,690] [autoreload.py:222] [autoreload:trigger_reload] [INFO]- E:\Auto\testplat\login\forms.py changed, reloading.
[2020-07-27 17:48:05,468] [autoreload.py:598] [autoreload:run_with_reloader] [INFO]- Watching for file changes with StatReloader
[2020-07-27 17:57:25,972] [autoreload.py:598] [autoreload:run_with_reloader] [INFO]- Watching for file changes with StatReloader
[2020-07-27 17:59:11,135] [autoreload.py:598] [autoreload:run_with_reloader] [INFO]- Watching for file changes with StatReloader
[2020-07-27 17:59:44,577] [autoreload.py:222] [autoreload:trigger_reload] [INFO]- E:\Auto\testplat\login\run\run_test.py changed, reloading.
[2020-07-27 17:59:45,331] [autoreload.py:598] [autoreload:run_with_reloader] [INFO]- Watching for file changes with StatReloader
[2020-07-27 17:59:47,969] [autoreload.py:222] [autoreload:trigger_reload] [INFO]- E:\Auto\testplat\login\run\run_test.py changed, reloading.
[2020-07-27 17:59:48,725] [autoreload.py:598] [autoreload:run_with_reloader] [INFO]- Watching for file changes with StatReloader
[2020-07-27 17:59:51,355] [autoreload.py:222] [autoreload:trigger_reload] [INFO]- E:\Auto\testplat\login\run\run_test.py changed, reloading.
[2020-07-27 17:59:52,096] [autoreload.py:598] [autoreload:run_with_reloader] [INFO]- Watching for file changes with StatReloader
[2020-07-27 18:00:11,810] [autoreload.py:598] [autoreload:run_with_reloader] [INFO]- Watching for file changes with StatReloader
[2020-07-27 18:00:22,499] [autoreload.py:222] [autoreload:trigger_reload] [INFO]- E:\Auto\testplat\login\run\run_test.py changed, reloading.
[2020-07-27 18:00:23,268] [autoreload.py:598] [autoreload:run_with_reloader] [INFO]- Watching for file changes with StatReloader
[2020-07-27 18:00:50,296] [autoreload.py:598] [autoreload:run_with_reloader] [INFO]- Watching for file changes with StatReloader
[2020-07-27 18:03:27,381] [autoreload.py:598] [autoreload:run_with_reloader] [INFO]- Watching for file changes with StatReloader
[2020-07-27 18:08:47,235] [autoreload.py:598] [autoreload:run_with_reloader] [INFO]- Watching for file changes with StatReloader
[2020-07-27 18:10:34,436] [autoreload.py:598] [autoreload:run_with_reloader] [INFO]- Watching for file changes with StatReloader
[2020-07-27 18:11:49,456] [autoreload.py:598] [autoreload:run_with_reloader] [INFO]- Watching for file changes with StatReloader
[2020-07-27 18:11:55,137] [basehttp.py:157] [basehttp:log_message] [INFO]- "GET / HTTP/1.1" 200 10879
[2020-07-27 18:11:55,421] [basehttp.py:157] [basehttp:log_message] [INFO]- "GET /static/login/js/echarts.min.js HTTP/1.1" 200 383558
[2020-07-27 18:11:57,428] [log.py:228] [log:log_response] [WARNING]- Not Found: /favicon.ico
[2020-07-27 18:11:57,430] [basehttp.py:157] [basehttp:log_message] [WARNING]- "GET /favicon.ico HTTP/1.1" 404 179
[2020-07-27 18:12:31,772] [basehttp.py:157] [basehttp:log_message] [INFO]- "GET / HTTP/1.1" 200 10879
[2020-07-27 18:12:32,351] [log.py:228] [log:log_response] [WARNING]- Not Found: /favicon.ico
[2020-07-27 18:12:32,352] [basehttp.py:157] [basehttp:log_message] [WARNING]- "GET /favicon.ico HTTP/1.1" 404 179
[2020-07-27 18:12:36,974] [basehttp.py:157] [basehttp:log_message] [INFO]- "GET / HTTP/1.1" 200 10879
[2020-07-27 18:12:37,024] [basehttp.py:157] [basehttp:log_message] [INFO]- "GET /static/login/js/echarts.min.js HTTP/1.1" 200 383558
[2020-07-27 18:12:38,826] [basehttp.py:157] [basehttp:log_message] [INFO]- "GET / HTTP/1.1" 200 10879
[2020-07-27 18:12:39,589] [basehttp.py:157] [basehttp:log_message] [INFO]- "GET / HTTP/1.1" 200 10879
[2020-07-27 18:12:39,762] [basehttp.py:157] [basehttp:log_message] [INFO]- "GET / HTTP/1.1" 200 10879
[2020-07-27 18:12:39,903] [basehttp.py:157] [basehttp:log_message] [INFO]- "GET / HTTP/1.1" 200 10879
[2020-07-27 18:12:40,041] [basehttp.py:157] [basehttp:log_message] [INFO]- "GET / HTTP/1.1" 200 10879
[2020-07-27 18:13:04,138] [basehttp.py:157] [basehttp:log_message] [INFO]- "GET /platform/add_copyright_partner HTTP/1.1" 200 3426
[2020-07-27 18:13:04,154] [basehttp.py:157] [basehttp:log_message] [INFO]- "GET /static/login/css/send_vip.css HTTP/1.1" 200 609
[2020-07-27 18:14:30,534] [autoreload.py:222] [autoreload:trigger_reload] [INFO]- E:\Auto\testplat\login\viewas\test_view\cases_views.py changed, reloading.
[2020-07-27 18:14:31,347] [autoreload.py:598] [autoreload:run_with_reloader] [INFO]- Watching for file changes with StatReloader
[2020-07-27 18:16:09,562] [autoreload.py:222] [autoreload:trigger_reload] [INFO]- E:\Auto\testplat\login\viewas\test_view\cases_views.py changed, reloading.
[2020-07-27 18:16:10,356] [autoreload.py:598] [autoreload:run_with_reloader] [INFO]- Watching for file changes with StatReloader
[2020-07-27 18:21:07,166] [autoreload.py:222] [autoreload:trigger_reload] [INFO]- C:\Users\dell\AppData\Local\Programs\Python\Python37\Lib\site-packages\BeautifulReport\BeautifulReport.py changed, reloading.
[2020-07-27 18:21:08,056] [autoreload.py:598] [autoreload:run_with_reloader] [INFO]- Watching for file changes with StatReloader
[2020-07-27 18:21:59,390] [autoreload.py:598] [autoreload:run_with_reloader] [INFO]- Watching for file changes with StatReloader
[2020-07-27 18:22:04,723] [basehttp.py:157] [basehttp:log_message] [INFO]- "GET / HTTP/1.1" 200 10879
[2020-07-27 18:22:04,872] [basehttp.py:157] [basehttp:log_message] [INFO]- "GET /static/login/js/echarts.min.js HTTP/1.1" 200 383558
[2020-07-27 18:22:05,394] [log.py:228] [log:log_response] [WARNING]- Not Found: /favicon.ico
[2020-07-27 18:22:05,398] [basehttp.py:157] [basehttp:log_message] [WARNING]- "GET /favicon.ico HTTP/1.1" 404 179
[2020-07-27 18:22:23,635] [basehttp.py:157] [basehttp:log_message] [INFO]- "GET / HTTP/1.1" 200 10879
[2020-07-27 18:22:23,658] [basehttp.py:157] [basehttp:log_message] [INFO]- "GET /static/login/js/echarts.min.js HTTP/1.1" 304 0
[2020-07-27 18:22:25,356] [basehttp.py:157] [basehttp:log_message] [INFO]- "GET / HTTP/1.1" 200 10879
[2020-07-27 18:22:25,531] [basehttp.py:157] [basehttp:log_message] [INFO]- "GET / HTTP/1.1" 200 10879
[2020-07-27 18:22:25,667] [basehttp.py:157] [basehttp:log_message] [INFO]- "GET / HTTP/1.1" 200 10879
[2020-07-27 18:22:25,816] [basehttp.py:157] [basehttp:log_message] [INFO]- "GET / HTTP/1.1" 200 10879
[2020-07-27 18:22:25,951] [basehttp.py:157] [basehttp:log_message] [INFO]- "GET / HTTP/1.1" 200 10879
[2020-07-27 18:22:29,494] [basehttp.py:157] [basehttp:log_message] [INFO]- "GET / HTTP/1.1" 200 10879
[2020-07-27 18:22:29,746] [basehttp.py:157] [basehttp:log_message] [INFO]- "GET / HTTP/1.1" 200 10879
[2020-07-27 18:22:29,888] [basehttp.py:157] [basehttp:log_message] [INFO]- "GET / HTTP/1.1" 200 10879
[2020-07-27 18:22:30,031] [basehttp.py:157] [basehttp:log_message] [INFO]- "GET / HTTP/1.1" 200 10879
[2020-07-27 18:22:30,176] [basehttp.py:157] [basehttp:log_message] [INFO]- "GET / HTTP/1.1" 200 10879
[2020-07-27 18:22:35,996] [basehttp.py:157] [basehttp:log_message] [INFO]- "GET /get_config/ HTTP/1.1" 302 0
[2020-07-27 18:22:36,011] [basehttp.py:157] [basehttp:log_message] [INFO]- "GET /login/ HTTP/1.1" 200 2210
[2020-07-27 18:22:36,027] [basehttp.py:157] [basehttp:log_message] [INFO]- "GET /static/login/css/login.css HTTP/1.1" 200 1121
[2020-07-27 18:22:36,093] [basehttp.py:157] [basehttp:log_message] [INFO]- "GET /static/login/img/photos/timg3.jpg HTTP/1.1" 200 13234
[2020-07-27 18:22:43,256] [basehttp.py:157] [basehttp:log_message] [INFO]- "POST /login/ HTTP/1.1" 302 0
[2020-07-27 18:22:43,540] [basehttp.py:157] [basehttp:log_message] [INFO]- "GET / HTTP/1.1" 200 10879
[2020-07-27 18:22:48,345] [basehttp.py:157] [basehttp:log_message] [INFO]- "GET / HTTP/1.1" 200 10879
[2020-07-27 18:22:48,562] [basehttp.py:157] [basehttp:log_message] [INFO]- "GET / HTTP/1.1" 200 10879
[2020-07-27 19:47:20,728] [basehttp.py:157] [basehttp:log_message] [INFO]- "GET / HTTP/1.1" 200 10879
[2020-07-27 19:47:44,865] [basehttp.py:157] [basehttp:log_message] [INFO]- "GET / HTTP/1.1" 200 10879
[2020-07-28 18:43:58,844] [basehttp.py:157] [basehttp:log_message] [INFO]- "GET / HTTP/1.1" 200 10879
[2020-07-28 18:43:58,956] [basehttp.py:157] [basehttp:log_message] [INFO]- "GET /static/login/js/echarts.min.js HTTP/1.1" 304 0
[2020-07-28 18:43:59,340] [log.py:228] [log:log_response] [WARNING]- Not Found: /favicon.ico
[2020-07-28 18:43:59,347] [basehttp.py:157] [basehttp:log_message] [WARNING]- "GET /favicon.ico HTTP/1.1" 404 179
[2020-07-28 18:44:17,848] [basehttp.py:157] [basehttp:log_message] [INFO]- "GET /platform/add_anchor_partner HTTP/1.1" 200 3100
[2020-07-28 18:44:17,885] [basehttp.py:157] [basehttp:log_message] [INFO]- "GET /static/login/css/send_vip.css HTTP/1.1" 200 609
[2020-07-28 18:44:34,018] [basehttp.py:157] [basehttp:log_message] [INFO]- "GET / HTTP/1.1" 200 10879
[2020-07-28 18:44:35,750] [basehttp.py:157] [basehttp:log_message] [INFO]- "GET /platform/add_anchor_partner HTTP/1.1" 302 0
[2020-07-28 18:44:35,758] [basehttp.py:157] [basehttp:log_message] [INFO]- "GET /login/ HTTP/1.1" 200 2210
[2020-07-28 18:44:35,794] [basehttp.py:157] [basehttp:log_message] [INFO]- "GET /static/login/css/login.css HTTP/1.1" 200 1121
[2020-07-28 18:44:35,848] [basehttp.py:157] [basehttp:log_message] [INFO]- "GET /static/login/img/photos/timg3.jpg HTTP/1.1" 200 13234
[2020-07-28 18:44:55,310] [basehttp.py:157] [basehttp:log_message] [INFO]- "POST /login/ HTTP/1.1" 302 0
[2020-07-28 18:44:55,483] [basehttp.py:157] [basehttp:log_message] [INFO]- "GET / HTTP/1.1" 200 10879
[2020-07-28 18:44:56,949] [basehttp.py:157] [basehttp:log_message] [INFO]- "GET /platform/add_anchor_partner HTTP/1.1" 200 3100
[2020-07-28 18:44:58,826] [basehttp.py:157] [basehttp:log_message] [INFO]- "GET / HTTP/1.1" 200 10879
[2020-07-28 18:46:17,736] [autoreload.py:222] [autoreload:trigger_reload] [INFO]- E:\Auto\testplat\login\viewas\platform_views\anchor_views.py changed, reloading.
